<?xml version="1.0" encoding="UTF-8"?>
<testsuite xmlns:xsi="http://www.w3.org/2001/XMLSchema-instance" xsi:noNamespaceSchemaLocation="https://maven.apache.org/surefire/maven-surefire-plugin/xsd/surefire-test-report.xsd" version="3.0.2" name="com.fonsi13.blogbackend.config.security.JwtServiceTest" time="0.22" tests="0" errors="0" skipped="0" failures="0">
  <properties>
[...]
</properties>
  <testcase name="shouldGenerateTokenAndExtractUsername" classname="JW-01 to JW-02: Token Generation and Validation" time="0.177"/>
  <testcase name="shouldValidateCorrectToken" classname="JW-01 to JW-02: Token Generation and Validation" time="0.003"/>
  <testcase name="shouldRejectExpiredToken" classname="JW-03 to JW-04: Token Rejection" time="0.02"/>
  <testcase name="shouldRejectTokenWithWrongUsername" classname="JW-03 to JW-04: Token Rejection" time="0.002"/>
  <testcase name="shouldThrowForShortSecretKey" classname="JW-05: Secret Key Validation" time="0.001"/>
</testsuite>